<?xml version="1.0" encoding="UTF-8"?>
<!-- Generated by org.testng.reporters.JUnitReportReporter -->
<testsuite hostname="user-PC" name="nwtols.VerifyTitle" tests="1" failures="0" timestamp="1 Sep 2016 16:15:46 GMT" time="0.515" errors="0">
  <testcase name="verifyTitle" time="0.515" classname="nwtols.VerifyTitle"/>
</testsuite> <!-- nwtols.VerifyTitle -->
